15:55:03.941 [main] DEBUG org.testng.log4testng.Logger.debug(Logger.java:82)oggger - suiteXmlPath: "C:\Users\User\eclipse-workspace\Opencart4.1.0.3\mastertestng.xml"
15:55:04.125 [main] INFO  org.testng.log4testng.Logger.info(Logger.java:112)oggger - [TestNG] Running:
  C:\Users\User\eclipse-workspace\Opencart4.1.0.3\mastertestng.xml

16:17:23.795 [main] DEBUG org.testng.log4testng.Logger.debug(Logger.java:82)oggger - suiteXmlPath: "C:\Users\User\eclipse-workspace\Opencart4.1.0.3\mastertestng.xml"
16:17:23.983 [main] INFO  org.testng.log4testng.Logger.info(Logger.java:112)oggger - [TestNG] Running:
  C:\Users\User\eclipse-workspace\Opencart4.1.0.3\mastertestng.xml

16:31:23.178 [main] DEBUG org.testng.log4testng.Logger.debug(Logger.java:82)oggger - suiteXmlPath: "C:\Users\User\eclipse-workspace\Opencart4.1.0.3\mastertestng.xml"
16:31:23.407 [main] INFO  org.testng.log4testng.Logger.info(Logger.java:112)oggger - [TestNG] Running:
  C:\Users\User\eclipse-workspace\Opencart4.1.0.3\mastertestng.xml

16:52:18.739 [main] DEBUG org.testng.log4testng.Logger.debug(Logger.java:82)oggger - suiteXmlPath: "C:\Users\User\eclipse-workspace\Opencart4.1.0.3\mastertestng.xml"
16:52:18.936 [main] INFO  org.testng.log4testng.Logger.info(Logger.java:112)oggger - [TestNG] Running:
  C:\Users\User\eclipse-workspace\Opencart4.1.0.3\mastertestng.xml

08:01:41.439 [main] DEBUG org.testng.log4testng.Logger.debug(Logger.java:82)oggger - suiteXmlPath: "C:\Users\User\AppData\Local\Temp\testng-eclipse-1231785114\testng-customsuite.xml"
08:01:41.602 [main] INFO  org.testng.log4testng.Logger.info(Logger.java:112)oggger - [Utils] MethodGroupsHelper.collectMethodsByGroup() took 0 ms.
08:01:41.604 [main] INFO  org.testng.log4testng.Logger.info(Logger.java:112)oggger - [Utils] MethodGroupsHelper.sortMethods() took 1 ms.
08:01:41.605 [main] INFO  org.testng.log4testng.Logger.info(Logger.java:112)oggger - [Utils] MethodGroupsHelper.collectMethodsByGroup() took 0 ms.
08:01:41.605 [main] INFO  org.testng.log4testng.Logger.info(Logger.java:112)oggger - [Utils] MethodGroupsHelper.sortMethods() took 0 ms.
08:01:41.606 [main] INFO  org.testng.log4testng.Logger.info(Logger.java:112)oggger - [Utils] MethodGroupsHelper.collectMethodsByGroup() took 0 ms.
08:01:41.606 [main] INFO  org.testng.log4testng.Logger.info(Logger.java:112)oggger - [Utils] MethodGroupsHelper.sortMethods() took 0 ms.
08:01:41.607 [main] INFO  org.testng.log4testng.Logger.info(Logger.java:112)oggger - [Utils] MethodGroupsHelper.collectMethodsByGroup() took 0 ms.
08:01:41.607 [main] INFO  org.testng.log4testng.Logger.info(Logger.java:112)oggger - [Utils] MethodGroupsHelper.sortMethods() took 0 ms.
08:01:41.610 [main] INFO  org.testng.log4testng.Logger.info(Logger.java:112)oggger - [Utils] MethodGroupsHelper.collectMethodsByGroup() took 2 ms.
08:01:41.616 [main] INFO  org.testng.log4testng.Logger.info(Logger.java:112)oggger - [Utils] MethodGroupsHelper.sortMethods() took 4 ms.
08:01:41.617 [main] INFO  org.testng.log4testng.Logger.info(Logger.java:112)oggger - [Utils] MethodGroupsHelper.collectMethodsByGroup() took 0 ms.
08:01:41.617 [main] INFO  org.testng.log4testng.Logger.info(Logger.java:112)oggger - [Utils] MethodGroupsHelper.sortMethods() took 0 ms.
08:01:41.618 [main] INFO  org.testng.log4testng.Logger.info(Logger.java:112)oggger - [Utils] MethodGroupsHelper.collectMethodsByGroup() took 0 ms.
08:01:41.618 [main] INFO  org.testng.log4testng.Logger.info(Logger.java:112)oggger - [Utils] MethodGroupsHelper.sortMethods() took 0 ms.
08:01:41.618 [main] INFO  org.testng.log4testng.Logger.info(Logger.java:112)oggger - [Utils] MethodGroupsHelper.collectMethodsByGroup() took 0 ms.
08:01:41.618 [main] INFO  org.testng.log4testng.Logger.info(Logger.java:112)oggger - [Utils] MethodGroupsHelper.sortMethods() took 0 ms.
08:01:41.620 [main] INFO  org.testng.log4testng.Logger.info(Logger.java:112)oggger - [Utils] MethodGroupsHelper.collectMethodsByGroup() took 0 ms.
08:01:41.620 [main] INFO  org.testng.log4testng.Logger.info(Logger.java:112)oggger - [Utils] MethodGroupsHelper.sortMethods() took 0 ms.
08:01:41.620 [main] INFO  org.testng.log4testng.Logger.info(Logger.java:112)oggger - [Utils] MethodGroupsHelper.collectMethodsByGroup() took 0 ms.
08:01:41.621 [main] INFO  org.testng.log4testng.Logger.info(Logger.java:112)oggger - [Utils] MethodGroupsHelper.sortMethods() took 0 ms.
08:01:41.622 [main] INFO  org.testng.log4testng.Logger.info(Logger.java:112)oggger - [Utils] MethodGroupsHelper.collectMethodsByGroup() took 0 ms.
08:01:41.622 [main] INFO  org.testng.log4testng.Logger.info(Logger.java:112)oggger - [Utils] MethodGroupsHelper.sortMethods() took 0 ms.
08:01:41.623 [main] INFO  org.testng.log4testng.Logger.info(Logger.java:112)oggger - [Utils] MethodGroupsHelper.collectMethodsByGroup() took 0 ms.
08:01:41.623 [main] INFO  org.testng.log4testng.Logger.info(Logger.java:112)oggger - [Utils] MethodGroupsHelper.sortMethods() took 0 ms.
08:01:41.624 [main] INFO  org.testng.log4testng.Logger.info(Logger.java:112)oggger - [Utils] MethodGroupsHelper.collectMethodsByGroup() took 0 ms.
08:01:41.624 [main] INFO  org.testng.log4testng.Logger.info(Logger.java:112)oggger - [Utils] MethodGroupsHelper.sortMethods() took 0 ms.
08:01:41.625 [main] INFO  org.testng.log4testng.Logger.info(Logger.java:112)oggger - [Utils] MethodGroupsHelper.collectMethodsByGroup() took 0 ms.
08:01:41.625 [main] INFO  org.testng.log4testng.Logger.info(Logger.java:112)oggger - [Utils] MethodGroupsHelper.sortMethods() took 0 ms.
08:01:41.625 [main] INFO  org.testng.log4testng.Logger.info(Logger.java:112)oggger - [Utils] MethodGroupsHelper.collectMethodsByGroup() took 0 ms.
08:01:41.625 [main] INFO  org.testng.log4testng.Logger.info(Logger.java:112)oggger - [Utils] MethodGroupsHelper.sortMethods() took 0 ms.
08:01:41.632 [main] INFO  org.testng.log4testng.Logger.info(Logger.java:112)oggger - [TestNG] Running:
  C:\Users\User\AppData\Local\Temp\testng-eclipse-1231785114\testng-customsuite.xml

08:01:41.652 [main] INFO  org.testng.log4testng.Logger.info(Logger.java:112)oggger - [Utils] DynamicGraphHelper.createDynamicGraph() took 6 ms.
08:01:41.694 [main] ERROR org.testng.log4testng.Logger.error(Logger.java:154)oggger - [Error] java.io.FileNotFoundException: C:\Users\User\eclipse-workspace\Opencart4.1.0.3\testdata\Excelutilityfile.xlsx (The system cannot find the file specified)
	at java.base/java.io.FileInputStream.open0(Native Method)
	at java.base/java.io.FileInputStream.open(FileInputStream.java:213)
	at java.base/java.io.FileInputStream.&lt;init&gt;(FileInputStream.java:152)
	at java.base/java.io.FileInputStream.&lt;init&gt;(FileInputStream.java:106)
	at utilis.ExcelUtility.getRowCount(ExcelUtility.java:34)
	at utilis.DataProviders.getData(DataProviders.java:18)
	at java.base/jdk.internal.reflect.DirectMethodHandleAccessor.invoke(DirectMethodHandleAccessor.java:103)
	at java.base/java.lang.reflect.Method.invoke(Method.java:580)
	at org.testng.internal.invokers.MethodInvocationHelper.invokeMethod(MethodInvocationHelper.java:141)
	at org.testng.internal.invokers.MethodInvocationHelper.invokeMethod(MethodInvocationHelper.java:86)
	at org.testng.internal.invokers.MethodInvocationHelper.invokeMethodNoCheckedException(MethodInvocationHelper.java:54)
	at org.testng.internal.invokers.MethodInvocationHelper.invokeDataProvider(MethodInvocationHelper.java:159)
	at org.testng.internal.Parameters.handleParameters(Parameters.java:809)
	at org.testng.internal.Parameters.handleParameters(Parameters.java:734)
	at org.testng.internal.invokers.ParameterHandler.handleParameters(ParameterHandler.java:72)
	at org.testng.internal.invokers.ParameterHandler.createParameters(ParameterHandler.java:51)
	at org.testng.internal.invokers.TestInvoker$MethodInvocationAgent.invoke(TestInvoker.java:949)
	at org.testng.internal.invokers.TestInvoker.invokeTestMethods(TestInvoker.java:203)
	at org.testng.internal.invokers.TestMethodWorker.invokeTestMethods(TestMethodWorker.java:154)
	at org.testng.internal.invokers.TestMethodWorker.run(TestMethodWorker.java:134)
	at java.base/java.util.ArrayList.forEach(ArrayList.java:1596)
	at org.testng.TestRunner.privateRun(TestRunner.java:741)
	at org.testng.TestRunner.run(TestRunner.java:616)
	at org.testng.SuiteRunner.runTest(SuiteRunner.java:421)
	at org.testng.SuiteRunner.runSequentially(SuiteRunner.java:413)
	at org.testng.SuiteRunner.privateRun(SuiteRunner.java:373)
	at org.testng.SuiteRunner.run(SuiteRunner.java:312)
	at org.testng.SuiteRunnerWorker.runSuite(SuiteRunnerWorker.java:52)
	at org.testng.SuiteRunnerWorker.run(SuiteRunnerWorker.java:95)
	at org.testng.TestNG.runSuitesSequentially(TestNG.java:1274)
	at org.testng.TestNG.runSuitesLocally(TestNG.java:1208)
	at org.testng.TestNG.runSuites(TestNG.java:1112)
	at org.testng.TestNG.run(TestNG.java:1079)
	at org.testng.remote.AbstractRemoteTestNG.run(AbstractRemoteTestNG.java:115)
	at org.testng.remote.RemoteTestNG.initAndRun(RemoteTestNG.java:293)
	at org.testng.remote.RemoteTestNG.main(RemoteTestNG.java:91)

08:01:41.850 [main] INFO  org.testng.log4testng.Logger.info(Logger.java:112)oggger - [TestNG] Time taken by org.testng.reporters.jq.Main@aeab9a1: 69 ms
08:01:41.864 [main] INFO  org.testng.log4testng.Logger.info(Logger.java:112)oggger - [TestNG] Time taken by org.testng.reporters.FailedReporter@3a3e4aff: 14 ms
08:01:41.873 [main] INFO  org.testng.log4testng.Logger.info(Logger.java:112)oggger - [TestNG] Time taken by org.testng.reporters.XMLReporter@3dd1dc90: 9 ms
08:01:41.880 [main] INFO  org.testng.log4testng.Logger.info(Logger.java:112)oggger - [TestNG] Time taken by org.testng.reporters.EmailableReporter2@1cbf6e72: 6 ms
08:01:41.888 [main] INFO  org.testng.log4testng.Logger.info(Logger.java:112)oggger - [TestNG] Time taken by org.testng.reporters.JUnitReportReporter@fb9c7aa: 8 ms
08:01:41.889 [main] INFO  org.testng.log4testng.Logger.info(Logger.java:112)oggger - [TestNG] Time taken by org.testng.internal.ExitCodeListener@4c398c80: 0 ms
08:02:26.277 [main] DEBUG org.testng.log4testng.Logger.debug(Logger.java:82)oggger - suiteXmlPath: "C:\Users\User\eclipse-workspace\Opencart4.1.0.3\mastertestng.xml"
08:02:26.485 [main] INFO  org.testng.log4testng.Logger.info(Logger.java:112)oggger - [TestNG] Running:
  C:\Users\User\eclipse-workspace\Opencart4.1.0.3\mastertestng.xml

08:10:28.276 [main] DEBUG org.testng.log4testng.Logger.debug(Logger.java:82)oggger - suiteXmlPath: "C:\Users\User\eclipse-workspace\Opencart4.1.0.3\mastertestng.xml"
08:10:28.468 [main] INFO  org.testng.log4testng.Logger.info(Logger.java:112)oggger - [TestNG] Running:
  C:\Users\User\eclipse-workspace\Opencart4.1.0.3\mastertestng.xml

08:18:28.714 [main] DEBUG org.testng.log4testng.Logger.debug(Logger.java:82)oggger - suiteXmlPath: "C:\Users\User\eclipse-workspace\Opencart4.1.0.3\mastertestng.xml"
08:18:28.921 [main] INFO  org.testng.log4testng.Logger.info(Logger.java:112)oggger - [TestNG] Running:
  C:\Users\User\eclipse-workspace\Opencart4.1.0.3\mastertestng.xml

08:18:30.890 [main] INFO  testcases.TC001_AcontRegistratin.testcase(TC001_AcontRegistratin.java:15)oggger - **** TC001_AccontRegistratin started****
08:18:31.292 [main] INFO  testcases.TC001_AcontRegistratin.testcase(TC001_AcontRegistratin.java:19)oggger - cliked on my accunt ....
08:18:31.299 [main] INFO  testcases.TC001_AcontRegistratin.testcase(TC001_AcontRegistratin.java:23)oggger - provaiding customer details...
08:18:31.613 [main] INFO  testcases.TC001_AcontRegistratin.testcase(TC001_AcontRegistratin.java:34)oggger - entered the valid password
08:18:32.624 [main] ERROR testcases.TC001_AcontRegistratin.testcase(TC001_AcontRegistratin.java:45)oggger - Test failed
08:18:32.624 [main] DEBUG testcases.TC001_AcontRegistratin.testcase(TC001_AcontRegistratin.java:46)oggger - debug log...
08:18:32.624 [main] INFO  testcases.TC001_AcontRegistratin.testcase(TC001_AcontRegistratin.java:54)oggger - ****TC001_AccontRegistratin finished....***
08:18:34.327 [main] INFO  testcases.TC002_Logintest.loginvalidation(TC002_Logintest.java:14)oggger - ***TestcaseTC001_Logintest started*****
08:18:35.946 [main] INFO  testcases.TC002_Logintest.loginvalidation(TC002_Logintest.java:36)oggger - ***TestcaseTC001_Logintest finied*****
15:24:36.714 [main] DEBUG org.testng.log4testng.Logger.debug(Logger.java:82)oggger - suiteXmlPath: "C:\Users\User\AppData\Local\Temp\testng-eclipse-1465803572\testng-customsuite.xml"
15:24:36.902 [main] INFO  org.testng.log4testng.Logger.info(Logger.java:112)oggger - [Utils] MethodGroupsHelper.collectMethodsByGroup() took 0 ms.
15:24:36.905 [main] INFO  org.testng.log4testng.Logger.info(Logger.java:112)oggger - [Utils] MethodGroupsHelper.sortMethods() took 1 ms.
15:24:36.907 [main] INFO  org.testng.log4testng.Logger.info(Logger.java:112)oggger - [Utils] MethodGroupsHelper.collectMethodsByGroup() took 0 ms.
15:24:36.907 [main] INFO  org.testng.log4testng.Logger.info(Logger.java:112)oggger - [Utils] MethodGroupsHelper.sortMethods() took 0 ms.
15:24:36.908 [main] INFO  org.testng.log4testng.Logger.info(Logger.java:112)oggger - [Utils] MethodGroupsHelper.collectMethodsByGroup() took 0 ms.
15:24:36.908 [main] INFO  org.testng.log4testng.Logger.info(Logger.java:112)oggger - [Utils] MethodGroupsHelper.sortMethods() took 0 ms.
15:24:36.909 [main] INFO  org.testng.log4testng.Logger.info(Logger.java:112)oggger - [Utils] MethodGroupsHelper.collectMethodsByGroup() took 0 ms.
15:24:36.909 [main] INFO  org.testng.log4testng.Logger.info(Logger.java:112)oggger - [Utils] MethodGroupsHelper.sortMethods() took 0 ms.
15:24:36.916 [main] INFO  org.testng.log4testng.Logger.info(Logger.java:112)oggger - [Utils] MethodGroupsHelper.collectMethodsByGroup() took 4 ms.
15:24:36.926 [main] INFO  org.testng.log4testng.Logger.info(Logger.java:112)oggger - [Utils] MethodGroupsHelper.sortMethods() took 9 ms.
15:24:36.927 [main] INFO  org.testng.log4testng.Logger.info(Logger.java:112)oggger - [Utils] MethodGroupsHelper.collectMethodsByGroup() took 0 ms.
15:24:36.928 [main] INFO  org.testng.log4testng.Logger.info(Logger.java:112)oggger - [Utils] MethodGroupsHelper.sortMethods() took 0 ms.
15:24:36.928 [main] INFO  org.testng.log4testng.Logger.info(Logger.java:112)oggger - [Utils] MethodGroupsHelper.collectMethodsByGroup() took 0 ms.
15:24:36.929 [main] INFO  org.testng.log4testng.Logger.info(Logger.java:112)oggger - [Utils] MethodGroupsHelper.sortMethods() took 0 ms.
15:24:36.929 [main] INFO  org.testng.log4testng.Logger.info(Logger.java:112)oggger - [Utils] MethodGroupsHelper.collectMethodsByGroup() took 0 ms.
15:24:36.929 [main] INFO  org.testng.log4testng.Logger.info(Logger.java:112)oggger - [Utils] MethodGroupsHelper.sortMethods() took 0 ms.
15:24:36.931 [main] INFO  org.testng.log4testng.Logger.info(Logger.java:112)oggger - [Utils] MethodGroupsHelper.collectMethodsByGroup() took 0 ms.
15:24:36.931 [main] INFO  org.testng.log4testng.Logger.info(Logger.java:112)oggger - [Utils] MethodGroupsHelper.sortMethods() took 0 ms.
15:24:36.932 [main] INFO  org.testng.log4testng.Logger.info(Logger.java:112)oggger - [Utils] MethodGroupsHelper.collectMethodsByGroup() took 0 ms.
15:24:36.932 [main] INFO  org.testng.log4testng.Logger.info(Logger.java:112)oggger - [Utils] MethodGroupsHelper.sortMethods() took 0 ms.
15:24:36.935 [main] INFO  org.testng.log4testng.Logger.info(Logger.java:112)oggger - [Utils] MethodGroupsHelper.collectMethodsByGroup() took 0 ms.
15:24:36.935 [main] INFO  org.testng.log4testng.Logger.info(Logger.java:112)oggger - [Utils] MethodGroupsHelper.sortMethods() took 0 ms.
15:24:36.935 [main] INFO  org.testng.log4testng.Logger.info(Logger.java:112)oggger - [Utils] MethodGroupsHelper.collectMethodsByGroup() took 0 ms.
15:24:36.935 [main] INFO  org.testng.log4testng.Logger.info(Logger.java:112)oggger - [Utils] MethodGroupsHelper.sortMethods() took 0 ms.
15:24:36.937 [main] INFO  org.testng.log4testng.Logger.info(Logger.java:112)oggger - [Utils] MethodGroupsHelper.collectMethodsByGroup() took 0 ms.
15:24:36.937 [main] INFO  org.testng.log4testng.Logger.info(Logger.java:112)oggger - [Utils] MethodGroupsHelper.sortMethods() took 0 ms.
15:24:36.939 [main] INFO  org.testng.log4testng.Logger.info(Logger.java:112)oggger - [Utils] MethodGroupsHelper.collectMethodsByGroup() took 0 ms.
15:24:36.939 [main] INFO  org.testng.log4testng.Logger.info(Logger.java:112)oggger - [Utils] MethodGroupsHelper.sortMethods() took 0 ms.
15:24:36.939 [main] INFO  org.testng.log4testng.Logger.info(Logger.java:112)oggger - [Utils] MethodGroupsHelper.collectMethodsByGroup() took 0 ms.
15:24:36.939 [main] INFO  org.testng.log4testng.Logger.info(Logger.java:112)oggger - [Utils] MethodGroupsHelper.sortMethods() took 0 ms.
15:24:36.950 [main] INFO  org.testng.log4testng.Logger.info(Logger.java:112)oggger - [TestNG] Running:
  C:\Users\User\AppData\Local\Temp\testng-eclipse-1465803572\testng-customsuite.xml

15:24:36.969 [main] INFO  org.testng.log4testng.Logger.info(Logger.java:112)oggger - [Utils] DynamicGraphHelper.createDynamicGraph() took 3 ms.
15:24:37.176 [main] INFO  org.testng.log4testng.Logger.info(Logger.java:112)oggger - [TestNG] Time taken by org.testng.reporters.jq.Main@5003041b: 67 ms
15:24:37.191 [main] INFO  org.testng.log4testng.Logger.info(Logger.java:112)oggger - [TestNG] Time taken by org.testng.reporters.FailedReporter@5f7f2382: 15 ms
15:24:37.203 [main] INFO  org.testng.log4testng.Logger.info(Logger.java:112)oggger - [TestNG] Time taken by org.testng.reporters.XMLReporter@70925b45: 12 ms
15:24:37.211 [main] INFO  org.testng.log4testng.Logger.info(Logger.java:112)oggger - [TestNG] Time taken by org.testng.reporters.EmailableReporter2@200a26bc: 7 ms
15:24:37.218 [main] INFO  org.testng.log4testng.Logger.info(Logger.java:112)oggger - [TestNG] Time taken by org.testng.reporters.JUnitReportReporter@4628b1d3: 7 ms
15:24:37.219 [main] INFO  org.testng.log4testng.Logger.info(Logger.java:112)oggger - [TestNG] Time taken by org.testng.internal.ExitCodeListener@77cf3f8b: 0 ms
15:34:00.209 [main] DEBUG org.testng.log4testng.Logger.debug(Logger.java:82)oggger - suiteXmlPath: "C:\Users\User\eclipse-workspace\Opencart4.1.0.3\grouping.xml"
15:34:00.434 [main] INFO  org.testng.log4testng.Logger.info(Logger.java:112)oggger - [TestNG] Running:
  C:\Users\User\eclipse-workspace\Opencart4.1.0.3\grouping.xml

15:40:30.425 [main] DEBUG org.testng.log4testng.Logger.debug(Logger.java:82)oggger - suiteXmlPath: "C:\Users\User\eclipse-workspace\Opencart4.1.0.3\grouping.xml"
15:40:30.658 [main] INFO  org.testng.log4testng.Logger.info(Logger.java:112)oggger - [TestNG] Running:
  C:\Users\User\eclipse-workspace\Opencart4.1.0.3\grouping.xml

15:41:45.168 [main] DEBUG org.testng.log4testng.Logger.debug(Logger.java:82)oggger - suiteXmlPath: "C:\Users\User\eclipse-workspace\Opencart4.1.0.3\grouping.xml"
15:41:45.383 [main] INFO  org.testng.log4testng.Logger.info(Logger.java:112)oggger - [TestNG] Running:
  C:\Users\User\eclipse-workspace\Opencart4.1.0.3\grouping.xml

15:43:06.448 [main] INFO  testcases.TC002_Logintest.loginvalidation(TC002_Logintest.java:14)oggger - ***TestcaseTC001_Logintest started*****
15:43:09.145 [main] INFO  testcases.TC002_Logintest.loginvalidation(TC002_Logintest.java:36)oggger - ***TestcaseTC001_Logintest finied*****
15:44:20.559 [main] INFO  testcases.TC002_Logintest.loginvalidation(TC002_Logintest.java:14)oggger - ***TestcaseTC001_Logintest started*****
15:44:22.394 [main] INFO  testcases.TC002_Logintest.loginvalidation(TC002_Logintest.java:36)oggger - ***TestcaseTC001_Logintest finied*****
15:57:15.797 [main] DEBUG org.testng.log4testng.Logger.debug(Logger.java:82)oggger - suiteXmlPath: "C:\Users\User\eclipse-workspace\Opencart4.1.0.3\grouping.xml"
15:57:15.994 [main] INFO  org.testng.log4testng.Logger.info(Logger.java:112)oggger - [TestNG] Running:
  C:\Users\User\eclipse-workspace\Opencart4.1.0.3\grouping.xml

16:01:24.056 [main] DEBUG org.testng.log4testng.Logger.debug(Logger.java:82)oggger - suiteXmlPath: "C:\Users\User\eclipse-workspace\Opencart4.1.0.3\grouping.xml"
16:01:24.292 [main] INFO  org.testng.log4testng.Logger.info(Logger.java:112)oggger - [TestNG] Running:
  C:\Users\User\eclipse-workspace\Opencart4.1.0.3\grouping.xml

16:01:57.876 [main] INFO  testcases.TC001_AcontRegistratin.testcase(TC001_AcontRegistratin.java:15)oggger - **** TC001_AccontRegistratin started****
16:02:05.406 [main] INFO  testcases.TC001_AcontRegistratin.testcase(TC001_AcontRegistratin.java:19)oggger - cliked on my accunt ....
16:02:05.408 [main] INFO  testcases.TC001_AcontRegistratin.testcase(TC001_AcontRegistratin.java:23)oggger - provaiding customer details...
16:02:06.173 [main] INFO  testcases.TC001_AcontRegistratin.testcase(TC001_AcontRegistratin.java:34)oggger - entered the valid password
16:02:07.689 [main] ERROR testcases.TC001_AcontRegistratin.testcase(TC001_AcontRegistratin.java:45)oggger - Test failed
16:02:07.689 [main] DEBUG testcases.TC001_AcontRegistratin.testcase(TC001_AcontRegistratin.java:46)oggger - debug log...
16:02:07.689 [main] INFO  testcases.TC001_AcontRegistratin.testcase(TC001_AcontRegistratin.java:54)oggger - ****TC001_AccontRegistratin finished....***
16:02:24.206 [main] DEBUG org.testng.log4testng.Logger.debug(Logger.java:82)oggger - suiteXmlPath: "C:\Users\User\eclipse-workspace\Opencart4.1.0.3\grouping.xml"
16:02:24.435 [main] INFO  org.testng.log4testng.Logger.info(Logger.java:112)oggger - [TestNG] Running:
  C:\Users\User\eclipse-workspace\Opencart4.1.0.3\grouping.xml

16:02:57.559 [main] INFO  testcases.TC001_AcontRegistratin.testcase(TC001_AcontRegistratin.java:15)oggger - **** TC001_AccontRegistratin started****
16:03:03.120 [main] INFO  testcases.TC001_AcontRegistratin.testcase(TC001_AcontRegistratin.java:19)oggger - cliked on my accunt ....
16:03:03.130 [main] INFO  testcases.TC001_AcontRegistratin.testcase(TC001_AcontRegistratin.java:23)oggger - provaiding customer details...
16:03:03.853 [main] INFO  testcases.TC001_AcontRegistratin.testcase(TC001_AcontRegistratin.java:34)oggger - entered the valid password
16:03:05.214 [main] ERROR testcases.TC001_AcontRegistratin.testcase(TC001_AcontRegistratin.java:45)oggger - Test failed
16:03:05.214 [main] DEBUG testcases.TC001_AcontRegistratin.testcase(TC001_AcontRegistratin.java:46)oggger - debug log...
16:03:05.214 [main] INFO  testcases.TC001_AcontRegistratin.testcase(TC001_AcontRegistratin.java:54)oggger - ****TC001_AccontRegistratin finished....***
16:04:41.361 [main] DEBUG org.testng.log4testng.Logger.debug(Logger.java:82)oggger - suiteXmlPath: "C:\Users\User\eclipse-workspace\Opencart4.1.0.3\grouping.xml"
16:04:41.585 [main] INFO  org.testng.log4testng.Logger.info(Logger.java:112)oggger - [TestNG] Running:
  C:\Users\User\eclipse-workspace\Opencart4.1.0.3\grouping.xml

16:05:03.466 [main] INFO  testcases.TC001_AcontRegistratin.testcase(TC001_AcontRegistratin.java:15)oggger - **** TC001_AccontRegistratin started****
16:05:10.199 [main] INFO  testcases.TC001_AcontRegistratin.testcase(TC001_AcontRegistratin.java:19)oggger - cliked on my accunt ....
16:05:10.199 [main] INFO  testcases.TC001_AcontRegistratin.testcase(TC001_AcontRegistratin.java:23)oggger - provaiding customer details...
16:05:10.591 [main] INFO  testcases.TC001_AcontRegistratin.testcase(TC001_AcontRegistratin.java:34)oggger - entered the valid password
16:05:12.443 [main] ERROR testcases.TC001_AcontRegistratin.testcase(TC001_AcontRegistratin.java:45)oggger - Test failed
16:05:12.443 [main] DEBUG testcases.TC001_AcontRegistratin.testcase(TC001_AcontRegistratin.java:46)oggger - debug log...
16:05:12.443 [main] INFO  testcases.TC001_AcontRegistratin.testcase(TC001_AcontRegistratin.java:54)oggger - ****TC001_AccontRegistratin finished....***
16:05:19.483 [main] INFO  testcases.TC002_Logintest.loginvalidation(TC002_Logintest.java:14)oggger - ***TestcaseTC001_Logintest started*****
16:05:22.174 [main] INFO  testcases.TC002_Logintest.loginvalidation(TC002_Logintest.java:36)oggger - ***TestcaseTC001_Logintest finied*****
13:33:39.943 [main] DEBUG org.testng.log4testng.Logger.debug(Logger.java:82)oggger - suiteXmlPath: "C:\Users\User\eclipse-workspace\Opencart4.1.0.3\grouping.xml"
13:33:40.475 [main] INFO  org.testng.log4testng.Logger.info(Logger.java:112)oggger - [TestNG] Running:
  C:\Users\User\eclipse-workspace\Opencart4.1.0.3\grouping.xml

13:33:45.898 [main] INFO  testcases.TC001_AcontRegistratin.testcase(TC001_AcontRegistratin.java:15)oggger - **** TC001_AccontRegistratin started****
13:33:46.677 [main] INFO  testcases.TC001_AcontRegistratin.testcase(TC001_AcontRegistratin.java:19)oggger - cliked on my accunt ....
13:33:46.688 [main] INFO  testcases.TC001_AcontRegistratin.testcase(TC001_AcontRegistratin.java:23)oggger - provaiding customer details...
13:33:47.838 [main] INFO  testcases.TC001_AcontRegistratin.testcase(TC001_AcontRegistratin.java:34)oggger - entered the valid password
13:33:48.966 [main] ERROR testcases.TC001_AcontRegistratin.testcase(TC001_AcontRegistratin.java:45)oggger - Test failed
13:33:48.966 [main] DEBUG testcases.TC001_AcontRegistratin.testcase(TC001_AcontRegistratin.java:46)oggger - debug log...
13:33:48.974 [main] INFO  testcases.TC001_AcontRegistratin.testcase(TC001_AcontRegistratin.java:54)oggger - ****TC001_AccontRegistratin finished....***
13:33:51.337 [main] INFO  testcases.TC002_Logintest.loginvalidation(TC002_Logintest.java:14)oggger - ***TestcaseTC001_Logintest started*****
13:33:53.491 [main] INFO  testcases.TC002_Logintest.loginvalidation(TC002_Logintest.java:36)oggger - ***TestcaseTC001_Logintest finied*****
13:39:47.809 [main] DEBUG org.testng.log4testng.Logger.debug(Logger.java:82)oggger - suiteXmlPath: "C:\Users\User\eclipse-workspace\Opencart4.1.0.3\grouping.xml"
13:39:48.248 [main] INFO  org.testng.log4testng.Logger.info(Logger.java:112)oggger - [TestNG] Running:
  C:\Users\User\eclipse-workspace\Opencart4.1.0.3\grouping.xml

13:39:52.164 [main] INFO  testcases.TC001_AcontRegistratin.testcase(TC001_AcontRegistratin.java:15)oggger - **** TC001_AccontRegistratin started****
13:39:52.977 [main] INFO  testcases.TC001_AcontRegistratin.testcase(TC001_AcontRegistratin.java:19)oggger - cliked on my accunt ....
13:39:52.977 [main] INFO  testcases.TC001_AcontRegistratin.testcase(TC001_AcontRegistratin.java:23)oggger - provaiding customer details...
13:39:54.092 [main] INFO  testcases.TC001_AcontRegistratin.testcase(TC001_AcontRegistratin.java:34)oggger - entered the valid password
13:39:55.377 [main] ERROR testcases.TC001_AcontRegistratin.testcase(TC001_AcontRegistratin.java:45)oggger - Test failed
13:39:55.377 [main] DEBUG testcases.TC001_AcontRegistratin.testcase(TC001_AcontRegistratin.java:46)oggger - debug log...
13:39:55.377 [main] INFO  testcases.TC001_AcontRegistratin.testcase(TC001_AcontRegistratin.java:54)oggger - ****TC001_AccontRegistratin finished....***
13:39:57.767 [main] INFO  testcases.TC002_Logintest.loginvalidation(TC002_Logintest.java:14)oggger - ***TestcaseTC001_Logintest started*****
13:41:31.960 [main] DEBUG org.testng.log4testng.Logger.debug(Logger.java:82)oggger - suiteXmlPath: "C:\Users\User\eclipse-workspace\Opencart4.1.0.3\grouping.xml"
13:41:32.451 [main] INFO  org.testng.log4testng.Logger.info(Logger.java:112)oggger - [TestNG] Running:
  C:\Users\User\eclipse-workspace\Opencart4.1.0.3\grouping.xml

13:41:36.113 [main] INFO  testcases.TC001_AcontRegistratin.testcase(TC001_AcontRegistratin.java:15)oggger - **** TC001_AccontRegistratin started****
13:41:36.933 [main] INFO  testcases.TC001_AcontRegistratin.testcase(TC001_AcontRegistratin.java:19)oggger - cliked on my accunt ....
13:41:36.938 [main] INFO  testcases.TC001_AcontRegistratin.testcase(TC001_AcontRegistratin.java:23)oggger - provaiding customer details...
13:41:37.989 [main] INFO  testcases.TC001_AcontRegistratin.testcase(TC001_AcontRegistratin.java:34)oggger - entered the valid password
13:41:39.457 [main] ERROR testcases.TC001_AcontRegistratin.testcase(TC001_AcontRegistratin.java:45)oggger - Test failed
13:41:39.457 [main] DEBUG testcases.TC001_AcontRegistratin.testcase(TC001_AcontRegistratin.java:46)oggger - debug log...
13:41:39.457 [main] INFO  testcases.TC001_AcontRegistratin.testcase(TC001_AcontRegistratin.java:54)oggger - ****TC001_AccontRegistratin finished....***
13:41:41.838 [main] INFO  testcases.TC002_Logintest.loginvalidation(TC002_Logintest.java:14)oggger - ***TestcaseTC001_Logintest started*****
13:44:43.179 [main] DEBUG org.testng.log4testng.Logger.debug(Logger.java:82)oggger - suiteXmlPath: "C:\Users\User\eclipse-workspace\Opencart4.1.0.3\grouping.xml"
13:44:43.393 [main] INFO  org.testng.log4testng.Logger.info(Logger.java:112)oggger - [TestNG] Running:
  C:\Users\User\eclipse-workspace\Opencart4.1.0.3\grouping.xml

13:44:45.581 [main] INFO  testcases.TC001_AcontRegistratin.testcase(TC001_AcontRegistratin.java:15)oggger - **** TC001_AccontRegistratin started****
13:44:45.974 [main] INFO  testcases.TC001_AcontRegistratin.testcase(TC001_AcontRegistratin.java:19)oggger - cliked on my accunt ....
13:44:45.974 [main] INFO  testcases.TC001_AcontRegistratin.testcase(TC001_AcontRegistratin.java:23)oggger - provaiding customer details...
13:44:46.277 [main] INFO  testcases.TC001_AcontRegistratin.testcase(TC001_AcontRegistratin.java:34)oggger - entered the valid password
13:44:47.129 [main] ERROR testcases.TC001_AcontRegistratin.testcase(TC001_AcontRegistratin.java:45)oggger - Test failed
13:44:47.130 [main] DEBUG testcases.TC001_AcontRegistratin.testcase(TC001_AcontRegistratin.java:46)oggger - debug log...
13:44:47.130 [main] INFO  testcases.TC001_AcontRegistratin.testcase(TC001_AcontRegistratin.java:54)oggger - ****TC001_AccontRegistratin finished....***
13:44:48.685 [main] INFO  testcases.TC002_Logintest.loginvalidation(TC002_Logintest.java:14)oggger - ***TestcaseTC001_Logintest started*****
15:44:25.350 [main] DEBUG org.testng.log4testng.Logger.debug(Logger.java:82)oggger - suiteXmlPath: "C:\Users\User\eclipse-workspace\Opencart4.1.0.3\grouping.xml"
15:44:25.599 [main] INFO  org.testng.log4testng.Logger.info(Logger.java:112)oggger - [TestNG] Running:
  C:\Users\User\eclipse-workspace\Opencart4.1.0.3\grouping.xml

15:44:28.828 [main] INFO  testcases.TC001_AcontRegistratin.testcase(TC001_AcontRegistratin.java:15)oggger - **** TC001_AccontRegistratin started****
15:44:29.211 [main] INFO  testcases.TC001_AcontRegistratin.testcase(TC001_AcontRegistratin.java:19)oggger - cliked on my accunt ....
15:44:29.211 [main] INFO  testcases.TC001_AcontRegistratin.testcase(TC001_AcontRegistratin.java:23)oggger - provaiding customer details...
15:44:29.533 [main] INFO  testcases.TC001_AcontRegistratin.testcase(TC001_AcontRegistratin.java:34)oggger - entered the valid password
15:44:30.363 [main] ERROR testcases.TC001_AcontRegistratin.testcase(TC001_AcontRegistratin.java:45)oggger - Test failed
15:44:30.363 [main] DEBUG testcases.TC001_AcontRegistratin.testcase(TC001_AcontRegistratin.java:46)oggger - debug log...
15:44:30.363 [main] INFO  testcases.TC001_AcontRegistratin.testcase(TC001_AcontRegistratin.java:54)oggger - ****TC001_AccontRegistratin finished....***
15:44:31.880 [main] INFO  testcases.TC002_Logintest.loginvalidation(TC002_Logintest.java:14)oggger - ***TestcaseTC001_Logintest started*****
15:53:00.612 [main] DEBUG org.testng.log4testng.Logger.debug(Logger.java:82)oggger - suiteXmlPath: "C:\Users\User\eclipse-workspace\Opencart4.1.0.3\test-output\testng-failed.xml"
15:53:00.812 [main] INFO  org.testng.log4testng.Logger.info(Logger.java:112)oggger - [TestNG] Running:
  C:\Users\User\eclipse-workspace\Opencart4.1.0.3\test-output\testng-failed.xml

15:53:03.019 [main] INFO  testcases.TC002_Logintest.loginvalidation(TC002_Logintest.java:14)oggger - ***TestcaseTC001_Logintest started*****
15:53:04.532 [main] INFO  testcases.TC002_Logintest.loginvalidation(TC002_Logintest.java:36)oggger - ***TestcaseTC001_Logintest finied*****
17:20:33.386 [main] DEBUG org.testng.log4testng.Logger.debug(Logger.java:82)oggger - suiteXmlPath: "C:\Users\User\eclipse-workspace\Opencart4.1.0.3\mastertestng.xml"
17:20:33.913 [main] INFO  org.testng.log4testng.Logger.info(Logger.java:112)oggger - [TestNG] Running:
  C:\Users\User\eclipse-workspace\Opencart4.1.0.3\mastertestng.xml

17:21:44.084 [main] DEBUG org.testng.log4testng.Logger.debug(Logger.java:82)oggger - suiteXmlPath: "C:\Users\User\eclipse-workspace\Opencart4.1.0.3\mastertestng.xml"
17:21:44.523 [main] INFO  org.testng.log4testng.Logger.info(Logger.java:112)oggger - [TestNG] Running:
  C:\Users\User\eclipse-workspace\Opencart4.1.0.3\mastertestng.xml

14:56:07.794 [main] DEBUG org.testng.log4testng.Logger.debug(Logger.java:82)oggger - suiteXmlPath: "C:\Users\User\eclipse-workspace\Opencart4.1.0.3\mastertestng.xml"
14:56:08.426 [main] INFO  org.testng.log4testng.Logger.info(Logger.java:112)oggger - [TestNG] Running:
  C:\Users\User\eclipse-workspace\Opencart4.1.0.3\mastertestng.xml

14:56:13.355 [main] INFO  testcases.TC001_AcontRegistratin.testcase(TC001_AcontRegistratin.java:15)oggger - **** TC001_AccontRegistratin started****
14:56:14.168 [main] INFO  testcases.TC001_AcontRegistratin.testcase(TC001_AcontRegistratin.java:19)oggger - cliked on my accunt ....
14:56:14.178 [main] INFO  testcases.TC001_AcontRegistratin.testcase(TC001_AcontRegistratin.java:23)oggger - provaiding customer details...
14:56:15.319 [main] INFO  testcases.TC001_AcontRegistratin.testcase(TC001_AcontRegistratin.java:34)oggger - entered the valid password
14:56:29.403 [main] INFO  testcases.TC002_Logintest.loginvalidation(TC002_Logintest.java:14)oggger - ***TestcaseTC001_Logintest started*****
14:56:31.534 [main] INFO  testcases.TC002_Logintest.loginvalidation(TC002_Logintest.java:36)oggger - ***TestcaseTC001_Logintest finied*****
14:58:23.259 [main] DEBUG org.testng.log4testng.Logger.debug(Logger.java:82)oggger - suiteXmlPath: "C:\Users\User\eclipse-workspace\Opencart4.1.0.3\mastertestng.xml"
14:58:23.753 [main] INFO  org.testng.log4testng.Logger.info(Logger.java:112)oggger - [TestNG] Running:
  C:\Users\User\eclipse-workspace\Opencart4.1.0.3\mastertestng.xml

14:58:27.647 [main] INFO  testcases.TC001_AcontRegistratin.testcase(TC001_AcontRegistratin.java:15)oggger - **** TC001_AccontRegistratin started****
14:58:28.450 [main] INFO  testcases.TC001_AcontRegistratin.testcase(TC001_AcontRegistratin.java:19)oggger - cliked on my accunt ....
14:58:28.460 [main] INFO  testcases.TC001_AcontRegistratin.testcase(TC001_AcontRegistratin.java:23)oggger - provaiding customer details...
14:58:29.614 [main] INFO  testcases.TC001_AcontRegistratin.testcase(TC001_AcontRegistratin.java:34)oggger - entered the valid password
14:58:30.866 [main] ERROR testcases.TC001_AcontRegistratin.testcase(TC001_AcontRegistratin.java:45)oggger - Test failed
14:58:30.866 [main] DEBUG testcases.TC001_AcontRegistratin.testcase(TC001_AcontRegistratin.java:46)oggger - debug log...
14:58:30.868 [main] INFO  testcases.TC001_AcontRegistratin.testcase(TC001_AcontRegistratin.java:54)oggger - ****TC001_AccontRegistratin finished....***
14:58:33.443 [main] INFO  testcases.TC002_Logintest.loginvalidation(TC002_Logintest.java:14)oggger - ***TestcaseTC001_Logintest started*****
14:58:35.573 [main] INFO  testcases.TC002_Logintest.loginvalidation(TC002_Logintest.java:36)oggger - ***TestcaseTC001_Logintest finied*****
15:02:18.317 [main] DEBUG org.testng.log4testng.Logger.debug(Logger.java:82)oggger - suiteXmlPath: "C:\Users\User\eclipse-workspace\Opencart4.1.0.3\mastertestng.xml"
15:02:18.819 [main] INFO  org.testng.log4testng.Logger.info(Logger.java:112)oggger - [TestNG] Running:
  C:\Users\User\eclipse-workspace\Opencart4.1.0.3\mastertestng.xml

15:02:24.088 [main] INFO  testcases.TC001_AcontRegistratin.testcase(TC001_AcontRegistratin.java:15)oggger - **** TC001_AccontRegistratin started****
15:02:25.006 [main] INFO  testcases.TC001_AcontRegistratin.testcase(TC001_AcontRegistratin.java:19)oggger - cliked on my accunt ....
15:02:25.014 [main] INFO  testcases.TC001_AcontRegistratin.testcase(TC001_AcontRegistratin.java:23)oggger - provaiding customer details...
15:02:26.216 [main] INFO  testcases.TC001_AcontRegistratin.testcase(TC001_AcontRegistratin.java:34)oggger - entered the valid password
15:02:27.414 [main] ERROR testcases.TC001_AcontRegistratin.testcase(TC001_AcontRegistratin.java:45)oggger - Test failed
15:02:27.416 [main] DEBUG testcases.TC001_AcontRegistratin.testcase(TC001_AcontRegistratin.java:46)oggger - debug log...
15:02:27.416 [main] INFO  testcases.TC001_AcontRegistratin.testcase(TC001_AcontRegistratin.java:54)oggger - ****TC001_AccontRegistratin finished....***
15:02:30.129 [main] INFO  testcases.TC002_Logintest.loginvalidation(TC002_Logintest.java:14)oggger - ***TestcaseTC001_Logintest started*****
15:02:32.304 [main] INFO  testcases.TC002_Logintest.loginvalidation(TC002_Logintest.java:36)oggger - ***TestcaseTC001_Logintest finied*****
15:03:00.528 [main] DEBUG org.testng.log4testng.Logger.debug(Logger.java:82)oggger - suiteXmlPath: "C:\Users\User\eclipse-workspace\Opencart4.1.0.3\mastertestng.xml"
15:03:01.125 [main] INFO  org.testng.log4testng.Logger.info(Logger.java:112)oggger - [TestNG] Running:
  C:\Users\User\eclipse-workspace\Opencart4.1.0.3\mastertestng.xml

15:03:05.378 [main] INFO  testcases.TC001_AcontRegistratin.testcase(TC001_AcontRegistratin.java:15)oggger - **** TC001_AccontRegistratin started****
15:03:06.513 [main] INFO  testcases.TC001_AcontRegistratin.testcase(TC001_AcontRegistratin.java:19)oggger - cliked on my accunt ....
15:03:06.517 [main] INFO  testcases.TC001_AcontRegistratin.testcase(TC001_AcontRegistratin.java:23)oggger - provaiding customer details...
15:03:07.744 [main] INFO  testcases.TC001_AcontRegistratin.testcase(TC001_AcontRegistratin.java:34)oggger - entered the valid password
15:03:09.297 [main] ERROR testcases.TC001_AcontRegistratin.testcase(TC001_AcontRegistratin.java:45)oggger - Test failed
15:03:09.297 [main] DEBUG testcases.TC001_AcontRegistratin.testcase(TC001_AcontRegistratin.java:46)oggger - debug log...
15:03:09.297 [main] INFO  testcases.TC001_AcontRegistratin.testcase(TC001_AcontRegistratin.java:54)oggger - ****TC001_AccontRegistratin finished....***
15:03:12.279 [main] INFO  testcases.TC002_Logintest.loginvalidation(TC002_Logintest.java:14)oggger - ***TestcaseTC001_Logintest started*****
15:03:14.629 [main] INFO  testcases.TC002_Logintest.loginvalidation(TC002_Logintest.java:36)oggger - ***TestcaseTC001_Logintest finied*****
15:04:16.426 [main] DEBUG org.testng.log4testng.Logger.debug(Logger.java:82)oggger - suiteXmlPath: "C:\Users\User\eclipse-workspace\Opencart4.1.0.3\mastertestng.xml"
15:04:16.958 [main] INFO  org.testng.log4testng.Logger.info(Logger.java:112)oggger - [TestNG] Running:
  C:\Users\User\eclipse-workspace\Opencart4.1.0.3\mastertestng.xml

15:04:21.108 [main] INFO  testcases.TC001_AcontRegistratin.testcase(TC001_AcontRegistratin.java:15)oggger - **** TC001_AccontRegistratin started****
15:04:21.941 [main] INFO  testcases.TC001_AcontRegistratin.testcase(TC001_AcontRegistratin.java:19)oggger - cliked on my accunt ....
15:04:21.951 [main] INFO  testcases.TC001_AcontRegistratin.testcase(TC001_AcontRegistratin.java:23)oggger - provaiding customer details...
15:04:23.300 [main] INFO  testcases.TC001_AcontRegistratin.testcase(TC001_AcontRegistratin.java:34)oggger - entered the valid password
15:04:24.522 [main] ERROR testcases.TC001_AcontRegistratin.testcase(TC001_AcontRegistratin.java:45)oggger - Test failed
15:04:24.522 [main] DEBUG testcases.TC001_AcontRegistratin.testcase(TC001_AcontRegistratin.java:46)oggger - debug log...
15:04:24.523 [main] INFO  testcases.TC001_AcontRegistratin.testcase(TC001_AcontRegistratin.java:54)oggger - ****TC001_AccontRegistratin finished....***
15:04:27.950 [main] INFO  testcases.TC002_Logintest.loginvalidation(TC002_Logintest.java:14)oggger - ***TestcaseTC001_Logintest started*****
15:04:30.093 [main] INFO  testcases.TC002_Logintest.loginvalidation(TC002_Logintest.java:36)oggger - ***TestcaseTC001_Logintest finied*****
15:05:23.661 [main] DEBUG org.testng.log4testng.Logger.debug(Logger.java:82)oggger - suiteXmlPath: "C:\Users\User\eclipse-workspace\Opencart4.1.0.3\crossbrowsertestng.xml"
15:05:24.257 [main] INFO  org.testng.log4testng.Logger.info(Logger.java:112)oggger - [TestNG] Running:
  C:\Users\User\eclipse-workspace\Opencart4.1.0.3\crossbrowsertestng.xml

15:05:28.295 [TestNG-tests-1] INFO  testcases.TC001_AcontRegistratin.testcase(TC001_AcontRegistratin.java:15)oggger - **** TC001_AccontRegistratin started****
15:05:29.170 [TestNG-tests-1] INFO  testcases.TC001_AcontRegistratin.testcase(TC001_AcontRegistratin.java:19)oggger - cliked on my accunt ....
15:05:29.175 [TestNG-tests-1] INFO  testcases.TC001_AcontRegistratin.testcase(TC001_AcontRegistratin.java:23)oggger - provaiding customer details...
15:05:30.538 [TestNG-tests-1] INFO  testcases.TC001_AcontRegistratin.testcase(TC001_AcontRegistratin.java:34)oggger - entered the valid password
15:05:31.925 [TestNG-tests-1] ERROR testcases.TC001_AcontRegistratin.testcase(TC001_AcontRegistratin.java:45)oggger - Test failed
15:05:31.928 [TestNG-tests-1] DEBUG testcases.TC001_AcontRegistratin.testcase(TC001_AcontRegistratin.java:46)oggger - debug log...
15:05:31.928 [TestNG-tests-1] INFO  testcases.TC001_AcontRegistratin.testcase(TC001_AcontRegistratin.java:54)oggger - ****TC001_AccontRegistratin finished....***
15:06:37.534 [main] DEBUG org.testng.log4testng.Logger.debug(Logger.java:82)oggger - suiteXmlPath: "C:\Users\User\eclipse-workspace\Opencart4.1.0.3\crossbrowsertestng.xml"
15:06:38.081 [main] INFO  org.testng.log4testng.Logger.info(Logger.java:112)oggger - [TestNG] Running:
  C:\Users\User\eclipse-workspace\Opencart4.1.0.3\crossbrowsertestng.xml

15:06:42.325 [TestNG-tests-1] INFO  testcases.TC001_AcontRegistratin.testcase(TC001_AcontRegistratin.java:15)oggger - **** TC001_AccontRegistratin started****
15:06:43.243 [TestNG-tests-1] INFO  testcases.TC001_AcontRegistratin.testcase(TC001_AcontRegistratin.java:19)oggger - cliked on my accunt ....
15:06:43.247 [TestNG-tests-1] INFO  testcases.TC001_AcontRegistratin.testcase(TC001_AcontRegistratin.java:23)oggger - provaiding customer details...
15:06:44.390 [TestNG-tests-1] INFO  testcases.TC001_AcontRegistratin.testcase(TC001_AcontRegistratin.java:34)oggger - entered the valid password
15:06:45.799 [TestNG-tests-1] ERROR testcases.TC001_AcontRegistratin.testcase(TC001_AcontRegistratin.java:45)oggger - Test failed
15:06:45.800 [TestNG-tests-1] DEBUG testcases.TC001_AcontRegistratin.testcase(TC001_AcontRegistratin.java:46)oggger - debug log...
15:06:45.801 [TestNG-tests-1] INFO  testcases.TC001_AcontRegistratin.testcase(TC001_AcontRegistratin.java:54)oggger - ****TC001_AccontRegistratin finished....***
15:13:37.828 [main] DEBUG org.testng.log4testng.Logger.debug(Logger.java:82)oggger - suiteXmlPath: "C:\Users\User\eclipse-workspace\Opencart4.1.0.3\crossbrowsertestng.xml"
15:13:38.401 [main] INFO  org.testng.log4testng.Logger.info(Logger.java:112)oggger - [TestNG] Running:
  C:\Users\User\eclipse-workspace\Opencart4.1.0.3\crossbrowsertestng.xml

15:13:42.842 [TestNG-tests-1] INFO  testcases.TC001_AcontRegistratin.testcase(TC001_AcontRegistratin.java:15)oggger - **** TC001_AccontRegistratin started****
15:13:43.822 [TestNG-tests-1] INFO  testcases.TC001_AcontRegistratin.testcase(TC001_AcontRegistratin.java:19)oggger - cliked on my accunt ....
15:13:43.830 [TestNG-tests-1] INFO  testcases.TC001_AcontRegistratin.testcase(TC001_AcontRegistratin.java:23)oggger - provaiding customer details...
15:13:45.040 [TestNG-tests-1] INFO  testcases.TC001_AcontRegistratin.testcase(TC001_AcontRegistratin.java:34)oggger - entered the valid password
15:13:46.400 [TestNG-tests-1] ERROR testcases.TC001_AcontRegistratin.testcase(TC001_AcontRegistratin.java:45)oggger - Test failed
15:13:46.400 [TestNG-tests-1] DEBUG testcases.TC001_AcontRegistratin.testcase(TC001_AcontRegistratin.java:46)oggger - debug log...
15:13:46.403 [TestNG-tests-1] INFO  testcases.TC001_AcontRegistratin.testcase(TC001_AcontRegistratin.java:54)oggger - ****TC001_AccontRegistratin finished....***
15:14:54.424 [main] DEBUG org.testng.log4testng.Logger.debug(Logger.java:82)oggger - suiteXmlPath: "C:\Users\User\eclipse-workspace\Opencart4.1.0.3\crossbrowsertestng.xml"
15:14:54.900 [main] INFO  org.testng.log4testng.Logger.info(Logger.java:112)oggger - [TestNG] Running:
  C:\Users\User\eclipse-workspace\Opencart4.1.0.3\crossbrowsertestng.xml

15:14:59.358 [TestNG-tests-1] INFO  testcases.TC001_AcontRegistratin.testcase(TC001_AcontRegistratin.java:15)oggger - **** TC001_AccontRegistratin started****
15:15:00.227 [TestNG-tests-1] INFO  testcases.TC001_AcontRegistratin.testcase(TC001_AcontRegistratin.java:19)oggger - cliked on my accunt ....
15:15:00.237 [TestNG-tests-1] INFO  testcases.TC001_AcontRegistratin.testcase(TC001_AcontRegistratin.java:23)oggger - provaiding customer details...
15:15:01.461 [TestNG-tests-1] INFO  testcases.TC001_AcontRegistratin.testcase(TC001_AcontRegistratin.java:34)oggger - entered the valid password
15:15:02.703 [TestNG-tests-1] ERROR testcases.TC001_AcontRegistratin.testcase(TC001_AcontRegistratin.java:45)oggger - Test failed
15:15:02.703 [TestNG-tests-1] DEBUG testcases.TC001_AcontRegistratin.testcase(TC001_AcontRegistratin.java:46)oggger - debug log...
15:15:02.703 [TestNG-tests-1] INFO  testcases.TC001_AcontRegistratin.testcase(TC001_AcontRegistratin.java:54)oggger - ****TC001_AccontRegistratin finished....***
15:18:25.316 [main] DEBUG org.testng.log4testng.Logger.debug(Logger.java:82)oggger - suiteXmlPath: "C:\Users\User\eclipse-workspace\Opencart4.1.0.3\crossbrowsertestng.xml"
15:18:25.871 [main] INFO  org.testng.log4testng.Logger.info(Logger.java:112)oggger - [TestNG] Running:
  C:\Users\User\eclipse-workspace\Opencart4.1.0.3\crossbrowsertestng.xml

15:18:30.258 [TestNG-tests-1] INFO  testcases.TC001_AcontRegistratin.testcase(TC001_AcontRegistratin.java:15)oggger - **** TC001_AccontRegistratin started****
15:18:31.123 [TestNG-tests-1] INFO  testcases.TC001_AcontRegistratin.testcase(TC001_AcontRegistratin.java:19)oggger - cliked on my accunt ....
15:18:31.123 [TestNG-tests-1] INFO  testcases.TC001_AcontRegistratin.testcase(TC001_AcontRegistratin.java:23)oggger - provaiding customer details...
15:18:32.330 [TestNG-tests-1] INFO  testcases.TC001_AcontRegistratin.testcase(TC001_AcontRegistratin.java:34)oggger - entered the valid password
15:18:33.587 [TestNG-tests-1] ERROR testcases.TC001_AcontRegistratin.testcase(TC001_AcontRegistratin.java:45)oggger - Test failed
15:18:33.587 [TestNG-tests-1] DEBUG testcases.TC001_AcontRegistratin.testcase(TC001_AcontRegistratin.java:46)oggger - debug log...
15:18:33.587 [TestNG-tests-1] INFO  testcases.TC001_AcontRegistratin.testcase(TC001_AcontRegistratin.java:54)oggger - ****TC001_AccontRegistratin finished....***
11:09:56.718 [main] DEBUG org.testng.log4testng.Logger.debug(Logger.java:82)oggger - suiteXmlPath: "C:\Users\User\eclipse-workspace\Opencart4.1.0.3\mastertestng.xml"
11:09:57.325 [main] INFO  org.testng.log4testng.Logger.info(Logger.java:112)oggger - [TestNG] Running:
  C:\Users\User\eclipse-workspace\Opencart4.1.0.3\mastertestng.xml

11:10:23.100 [main] DEBUG org.testng.log4testng.Logger.debug(Logger.java:82)oggger - suiteXmlPath: "C:\Users\User\eclipse-workspace\Opencart4.1.0.3\mastertestng.xml"
11:10:23.534 [main] INFO  org.testng.log4testng.Logger.info(Logger.java:112)oggger - [TestNG] Running:
  C:\Users\User\eclipse-workspace\Opencart4.1.0.3\mastertestng.xml

11:12:37.809 [main] DEBUG org.testng.log4testng.Logger.debug(Logger.java:82)oggger - suiteXmlPath: "C:\Users\User\eclipse-workspace\Opencart4.1.0.3\mastertestng.xml"
11:12:38.254 [main] INFO  org.testng.log4testng.Logger.info(Logger.java:112)oggger - [TestNG] Running:
  C:\Users\User\eclipse-workspace\Opencart4.1.0.3\mastertestng.xml

11:13:12.942 [main] INFO  testcases.TC001_AcontRegistratin.testcase(TC001_AcontRegistratin.java:15)oggger - **** TC001_AccontRegistratin started****
11:13:13.717 [main] INFO  testcases.TC001_AcontRegistratin.testcase(TC001_AcontRegistratin.java:19)oggger - cliked on my accunt ....
11:13:13.724 [main] INFO  testcases.TC001_AcontRegistratin.testcase(TC001_AcontRegistratin.java:23)oggger - provaiding customer details...
11:13:14.832 [main] INFO  testcases.TC001_AcontRegistratin.testcase(TC001_AcontRegistratin.java:34)oggger - entered the valid password
11:13:16.178 [main] ERROR testcases.TC001_AcontRegistratin.testcase(TC001_AcontRegistratin.java:45)oggger - Test failed
11:13:16.178 [main] DEBUG testcases.TC001_AcontRegistratin.testcase(TC001_AcontRegistratin.java:46)oggger - debug log...
11:13:16.178 [main] INFO  testcases.TC001_AcontRegistratin.testcase(TC001_AcontRegistratin.java:54)oggger - ****TC001_AccontRegistratin finished....***
11:13:18.866 [main] INFO  testcases.TC002_Logintest.loginvalidation(TC002_Logintest.java:14)oggger - ***TestcaseTC001_Logintest started*****
11:13:21.317 [main] INFO  testcases.TC002_Logintest.loginvalidation(TC002_Logintest.java:36)oggger - ***TestcaseTC001_Logintest finied*****
17:08:21.645 [main] DEBUG org.testng.log4testng.Logger.debug(Logger.java:82)oggger - suiteXmlPath: "C:\Users\User\eclipse-workspace\Opencart4.1.0.3\mastertestng.xml"
17:08:30.219 [main] INFO  testcases.TC001_AcontRegistratin.testcase(TC001_AcontRegistratin.java:15)oggger - **** TC001_AccontRegistratin started****
17:08:31.212 [main] INFO  testcases.TC001_AcontRegistratin.testcase(TC001_AcontRegistratin.java:19)oggger - cliked on my accunt ....
17:08:31.271 [main] INFO  testcases.TC001_AcontRegistratin.testcase(TC001_AcontRegistratin.java:23)oggger - provaiding customer details...
17:08:32.440 [main] INFO  testcases.TC001_AcontRegistratin.testcase(TC001_AcontRegistratin.java:34)oggger - entered the valid password
